<?xml version="1.0" encoding="UTF-8"?>
<!-- Generated by org.testng.reporters.JUnitReportReporter -->
<testsuite hostname="C858LCOK" failures="0" tests="1" name="cucumber.TestNGTestRunner" time="9.272" errors="0" timestamp="2022-10-13T20:12:54 IST" skipped="0">
  <testcase classname="cucumber.TestNGTestRunner" name="runScenario" time="9.272"/>
  <system-out/>
</testsuite> <!-- cucumber.TestNGTestRunner -->
