<?xml version="1.0" encoding="UTF-8"?>
<!-- Generated by org.testng.reporters.JUnitReportReporter -->
<testsuite hostname="C858LCOK" failures="0" tests="6" name="JPetstore.stepDefinitions.StepDefinitionImpl" time="8.729" errors="0" timestamp="2022-10-13T00:34:28 IST" skipped="0">
  <testcase classname="JPetstore.stepDefinitions.StepDefinitionImpl" name="login" time="5.908"/>
  <system-out/>
  <testcase classname="JPetstore.stepDefinitions.StepDefinitionImpl" name="clicksFishOnSidebar" time="0.570"/>
  <system-out/>
  <testcase classname="JPetstore.stepDefinitions.StepDefinitionImpl" name="addToCart" time="0.995"/>
  <system-out/>
  <testcase classname="JPetstore.stepDefinitions.StepDefinitionImpl" name="userConfirmOrder" time="0.300"/>
  <system-out/>
  <testcase classname="JPetstore.stepDefinitions.StepDefinitionImpl" name="proceedToCheckOut" time="0.599"/>
  <system-out/>
  <testcase classname="JPetstore.stepDefinitions.StepDefinitionImpl" name="clickGoldfishLink" time="0.357"/>
  <system-out/>
</testsuite> <!-- JPetstore.stepDefinitions.StepDefinitionImpl -->
